This file contains any messages produced by compilers while
running configure, to aid debugging if configure makes a mistake.

It was created by fuse_dfs configure 0.1.0, which was
generated by GNU Autoconf 2.65.  Invocation command line was

  $ ./configure 

## --------- ##
## Platform. ##
## --------- ##

hostname = hemera
uname -m = x86_64
uname -r = 2.6.32-32-server
uname -s = Linux
uname -v = #62-Ubuntu SMP Wed Apr 20 22:07:43 UTC 2011

/usr/bin/uname -p = unknown
/bin/uname -X     = unknown

/bin/arch              = unknown
/usr/bin/arch -k       = unknown
/usr/convex/getsysinfo = unknown
/usr/bin/hostinfo      = unknown
/bin/machine           = unknown
/usr/bin/oslevel       = unknown
/bin/universe          = unknown

PATH: /home/hudson/tools/java/latest1.6/bin
PATH: /usr/local/bin
PATH: /usr/bin
PATH: /bin
PATH: /usr/bin/X11
PATH: /usr/games
PATH: /home/jenkins/tools/java/latest/bin
PATH: /home/jenkins/tools/ant/latest/bin


## ----------- ##
## Core tests. ##
## ----------- ##

configure:2193: checking build system type
configure:2207: result: x86_64-unknown-linux-gnu
configure:2227: checking host system type
configure:2240: result: x86_64-unknown-linux-gnu
configure:2260: checking target system type
configure:2273: result: x86_64-unknown-linux-gnu
configure:2315: checking for a BSD-compatible install
configure:2383: result: /usr/bin/install -c
configure:2394: checking whether build environment is sane
configure:2444: result: yes
configure:2585: checking for a thread-safe mkdir -p
configure:2624: result: /bin/mkdir -p
configure:2637: checking for gawk
configure:2667: result: no
configure:2637: checking for mawk
configure:2653: found /usr/bin/mawk
configure:2664: result: mawk
configure:2675: checking whether make sets $(MAKE)
configure:2697: result: yes
configure:2727: checking for style of include used by make
configure:2755: result: GNU
configure:2887: checking for gcc
configure:2903: found /usr/bin/gcc
configure:2914: result: gcc
configure:3143: checking for C compiler version
configure:3152: gcc --version >&5
gcc (Ubuntu 4.4.3-4ubuntu5) 4.4.3
Copyright (C) 2009 Free Software Foundation, Inc.
This is free software; see the source for copying conditions.  There is NO
warranty; not even for MERCHANTABILITY or FITNESS FOR A PARTICULAR PURPOSE.

configure:3163: $? = 0
configure:3152: gcc -v >&5
Using built-in specs.
Target: x86_64-linux-gnu
Configured with: ../src/configure -v --with-pkgversion='Ubuntu 4.4.3-4ubuntu5' --with-bugurl=file:///usr/share/doc/gcc-4.4/README.Bugs --enable-languages=c,c++,fortran,objc,obj-c++ --prefix=/usr --enable-shared --enable-multiarch --enable-linker-build-id --with-system-zlib --libexecdir=/usr/lib --without-included-gettext --enable-threads=posix --with-gxx-include-dir=/usr/include/c++/4.4 --program-suffix=-4.4 --enable-nls --enable-clocale=gnu --enable-libstdcxx-debug --enable-plugin --enable-objc-gc --disable-werror --with-arch-32=i486 --with-tune=generic --enable-checking=release --build=x86_64-linux-gnu --host=x86_64-linux-gnu --target=x86_64-linux-gnu
Thread model: posix
gcc version 4.4.3 (Ubuntu 4.4.3-4ubuntu5) 
configure:3163: $? = 0
configure:3152: gcc -V >&5
gcc: '-V' option must have argument
configure:3163: $? = 1
configure:3152: gcc -qversion >&5
gcc: unrecognized option '-qversion'
gcc: no input files
configure:3163: $? = 1
configure:3183: checking whether the C compiler works
configure:3205: gcc    conftest.c  >&5
configure:3209: $? = 0
configure:3258: result: yes
configure:3261: checking for C compiler default output file name
configure:3263: result: a.out
configure:3269: checking for suffix of executables
configure:3276: gcc -o conftest    conftest.c  >&5
configure:3280: $? = 0
configure:3302: result: 
configure:3324: checking whether we are cross compiling
configure:3332: gcc -o conftest    conftest.c  >&5
configure:3336: $? = 0
configure:3343: ./conftest
configure:3347: $? = 0
configure:3362: result: no
configure:3367: checking for suffix of object files
configure:3389: gcc -c   conftest.c >&5
configure:3393: $? = 0
configure:3414: result: o
configure:3418: checking whether we are using the GNU C compiler
configure:3437: gcc -c   conftest.c >&5
configure:3437: $? = 0
configure:3446: result: yes
configure:3455: checking whether gcc accepts -g
configure:3475: gcc -c -g  conftest.c >&5
configure:3475: $? = 0
configure:3516: result: yes
configure:3533: checking for gcc option to accept ISO C89
configure:3597: gcc  -c -g -O2  conftest.c >&5
configure:3597: $? = 0
configure:3610: result: none needed
configure:3632: checking dependency style of gcc
configure:3742: result: gcc3
configure:3815: checking for g++
configure:3831: found /usr/bin/g++
configure:3842: result: g++
configure:3869: checking for C++ compiler version
configure:3878: g++ --version >&5
g++ (Ubuntu 4.4.3-4ubuntu5) 4.4.3
Copyright (C) 2009 Free Software Foundation, Inc.
This is free software; see the source for copying conditions.  There is NO
warranty; not even for MERCHANTABILITY or FITNESS FOR A PARTICULAR PURPOSE.

configure:3889: $? = 0
configure:3878: g++ -v >&5
Using built-in specs.
Target: x86_64-linux-gnu
Configured with: ../src/configure -v --with-pkgversion='Ubuntu 4.4.3-4ubuntu5' --with-bugurl=file:///usr/share/doc/gcc-4.4/README.Bugs --enable-languages=c,c++,fortran,objc,obj-c++ --prefix=/usr --enable-shared --enable-multiarch --enable-linker-build-id --with-system-zlib --libexecdir=/usr/lib --without-included-gettext --enable-threads=posix --with-gxx-include-dir=/usr/include/c++/4.4 --program-suffix=-4.4 --enable-nls --enable-clocale=gnu --enable-libstdcxx-debug --enable-plugin --enable-objc-gc --disable-werror --with-arch-32=i486 --with-tune=generic --enable-checking=release --build=x86_64-linux-gnu --host=x86_64-linux-gnu --target=x86_64-linux-gnu
Thread model: posix
gcc version 4.4.3 (Ubuntu 4.4.3-4ubuntu5) 
configure:3889: $? = 0
configure:3878: g++ -V >&5
g++: '-V' option must have argument
configure:3889: $? = 1
configure:3878: g++ -qversion >&5
g++: unrecognized option '-qversion'
g++: no input files
configure:3889: $? = 1
configure:3893: checking whether we are using the GNU C++ compiler
configure:3912: g++ -c   conftest.cpp >&5
configure:3912: $? = 0
configure:3921: result: yes
configure:3930: checking whether g++ accepts -g
configure:3950: g++ -c -g  conftest.cpp >&5
configure:3950: $? = 0
configure:3991: result: yes
configure:4016: checking dependency style of g++
configure:4126: result: gcc3
configure:4184: checking for ranlib
configure:4200: found /usr/bin/ranlib
configure:4211: result: ranlib
configure:4237: checking for bash
configure:4267: result: /bin/bash
configure:4282: checking for perl
configure:4300: found /usr/bin/perl
configure:4312: result: /usr/bin/perl
configure:4327: checking for python
configure:4345: found /usr/bin/python
configure:4357: result: /usr/bin/python
configure:4372: checking for ar
configure:4390: found /usr/bin/ar
configure:4402: result: /usr/bin/ar
configure:4417: checking for ant
configure:4435: found /usr/bin/ant
configure:4447: result: /usr/bin/ant
configure:4480: checking how to run the C preprocessor
configure:4511: gcc -E  conftest.c
configure:4511: $? = 0
configure:4525: gcc -E  conftest.c
conftest.c:9:28: error: ac_nonexistent.h: No such file or directory
configure:4525: $? = 1
configure: failed program was:
| /* confdefs.h */
| #define PACKAGE_NAME "fuse_dfs"
| #define PACKAGE_TARNAME "fuse_dfs"
| #define PACKAGE_VERSION "0.1.0"
| #define PACKAGE_STRING "fuse_dfs 0.1.0"
| #define PACKAGE_BUGREPORT ""
| #define PACKAGE_URL ""
| /* end confdefs.h.  */
| #include <ac_nonexistent.h>
configure:4550: result: gcc -E
configure:4570: gcc -E  conftest.c
configure:4570: $? = 0
configure:4584: gcc -E  conftest.c
conftest.c:9:28: error: ac_nonexistent.h: No such file or directory
configure:4584: $? = 1
configure: failed program was:
| /* confdefs.h */
| #define PACKAGE_NAME "fuse_dfs"
| #define PACKAGE_TARNAME "fuse_dfs"
| #define PACKAGE_VERSION "0.1.0"
| #define PACKAGE_STRING "fuse_dfs 0.1.0"
| #define PACKAGE_BUGREPORT ""
| #define PACKAGE_URL ""
| /* end confdefs.h.  */
| #include <ac_nonexistent.h>
configure:4613: checking for grep that handles long lines and -e
configure:4671: result: /bin/grep
configure:4676: checking for egrep
configure:4738: result: /bin/grep -E
configure:4743: checking for uid_t in sys/types.h
configure:4762: result: yes
configure:4773: checking for ANSI C header files
configure:4793: gcc -c -g -O2  conftest.c >&5
configure:4793: $? = 0
configure:4866: gcc -o conftest -g -O2   conftest.c  >&5
configure:4866: $? = 0
configure:4866: ./conftest
configure:4866: $? = 0
configure:4877: result: yes
configure:4890: checking for sys/types.h
configure:4890: gcc -c -g -O2  conftest.c >&5
configure:4890: $? = 0
configure:4890: result: yes
configure:4890: checking for sys/stat.h
configure:4890: gcc -c -g -O2  conftest.c >&5
configure:4890: $? = 0
configure:4890: result: yes
configure:4890: checking for stdlib.h
configure:4890: gcc -c -g -O2  conftest.c >&5
configure:4890: $? = 0
configure:4890: result: yes
configure:4890: checking for string.h
configure:4890: gcc -c -g -O2  conftest.c >&5
configure:4890: $? = 0
configure:4890: result: yes
configure:4890: checking for memory.h
configure:4890: gcc -c -g -O2  conftest.c >&5
configure:4890: $? = 0
configure:4890: result: yes
configure:4890: checking for strings.h
configure:4890: gcc -c -g -O2  conftest.c >&5
configure:4890: $? = 0
configure:4890: result: yes
configure:4890: checking for inttypes.h
configure:4890: gcc -c -g -O2  conftest.c >&5
configure:4890: $? = 0
configure:4890: result: yes
configure:4890: checking for stdint.h
configure:4890: gcc -c -g -O2  conftest.c >&5
configure:4890: $? = 0
configure:4890: result: yes
configure:4890: checking for unistd.h
configure:4890: gcc -c -g -O2  conftest.c >&5
configure:4890: $? = 0
configure:4890: result: yes
configure:4903: checking type of array argument to getgroups
configure:4937: gcc -o conftest -g -O2   conftest.c  >&5
configure:4937: $? = 0
configure:4937: ./conftest
configure:4937: $? = 0
configure:4962: result: gid_t
configure:4970: checking for size_t
configure:4970: gcc -c -g -O2  conftest.c >&5
configure:4970: $? = 0
configure:4970: gcc -c -g -O2  conftest.c >&5
conftest.c: In function 'main':
conftest.c:56: error: expected expression before ')' token
configure:4970: $? = 1
configure: failed program was:
| /* confdefs.h */
| #define PACKAGE_NAME "fuse_dfs"
| #define PACKAGE_TARNAME "fuse_dfs"
| #define PACKAGE_VERSION "0.1.0"
| #define PACKAGE_STRING "fuse_dfs 0.1.0"
| #define PACKAGE_BUGREPORT ""
| #define PACKAGE_URL ""
| #define STDC_HEADERS 1
| #define HAVE_SYS_TYPES_H 1
| #define HAVE_SYS_STAT_H 1
| #define HAVE_STDLIB_H 1
| #define HAVE_STRING_H 1
| #define HAVE_MEMORY_H 1
| #define HAVE_STRINGS_H 1
| #define HAVE_INTTYPES_H 1
| #define HAVE_STDINT_H 1
| #define HAVE_UNISTD_H 1
| #define GETGROUPS_T gid_t
| /* end confdefs.h.  */
| #include <stdio.h>
| #ifdef HAVE_SYS_TYPES_H
| # include <sys/types.h>
| #endif
| #ifdef HAVE_SYS_STAT_H
| # include <sys/stat.h>
| #endif
| #ifdef STDC_HEADERS
| # include <stdlib.h>
| # include <stddef.h>
| #else
| # ifdef HAVE_STDLIB_H
| #  include <stdlib.h>
| # endif
| #endif
| #ifdef HAVE_STRING_H
| # if !defined STDC_HEADERS && defined HAVE_MEMORY_H
| #  include <memory.h>
| # endif
| # include <string.h>
| #endif
| #ifdef HAVE_STRINGS_H
| # include <strings.h>
| #endif
| #ifdef HAVE_INTTYPES_H
| # include <inttypes.h>
| #endif
| #ifdef HAVE_STDINT_H
| # include <stdint.h>
| #endif
| #ifdef HAVE_UNISTD_H
| # include <unistd.h>
| #endif
| int
| main ()
| {
| if (sizeof ((size_t)))
| 	    return 0;
|   ;
|   return 0;
| }
configure:4970: result: yes
configure:4981: checking for getgroups
configure:4981: gcc -o conftest -g -O2   conftest.c  >&5
configure:4981: $? = 0
configure:4981: result: yes
configure:5036: checking for working getgroups
configure:5056: gcc -o conftest -g -O2   conftest.c  >&5
configure:5056: $? = 0
configure:5056: ./conftest
configure:5056: $? = 0
configure:5067: result: yes
configure:5079: checking type of array argument to getgroups
configure:5138: result: gid_t
configure:5159: checking Checking EXTERNAL_PATH set to
configure:5191: result: /x1/jenkins/jenkins-slave/workspace/Hadoop-22-Build/common/hdfs/src/contrib/fuse-dfs
configure:5206: checking whether to enable optimized build
configure:5228: result: yes
configure:5253: checking whether to enable static mode
configure:5279: result: yes
configure:5483: creating ./config.status

## ---------------------- ##
## Running config.status. ##
## ---------------------- ##

This file was extended by fuse_dfs config.status 0.1.0, which was
generated by GNU Autoconf 2.65.  Invocation command line was

  CONFIG_FILES    = 
  CONFIG_HEADERS  = 
  CONFIG_LINKS    = 
  CONFIG_COMMANDS = 
  $ ./config.status 

on hemera

config.status:815: creating Makefile
config.status:815: creating src/Makefile
config.status:978: executing depfiles commands

## ---------------- ##
## Cache variables. ##
## ---------------- ##

ac_cv_build=x86_64-unknown-linux-gnu
ac_cv_c_compiler_gnu=yes
ac_cv_cxx_compiler_gnu=yes
ac_cv_env_CCC_set=
ac_cv_env_CCC_value=
ac_cv_env_CC_set=
ac_cv_env_CC_value=
ac_cv_env_CFLAGS_set=
ac_cv_env_CFLAGS_value=
ac_cv_env_CPPFLAGS_set=
ac_cv_env_CPPFLAGS_value=
ac_cv_env_CPP_set=
ac_cv_env_CPP_value=
ac_cv_env_CXXFLAGS_set=
ac_cv_env_CXXFLAGS_value=
ac_cv_env_CXX_set=
ac_cv_env_CXX_value=
ac_cv_env_LDFLAGS_set=
ac_cv_env_LDFLAGS_value=
ac_cv_env_LIBS_set=
ac_cv_env_LIBS_value=
ac_cv_env_build_alias_set=
ac_cv_env_build_alias_value=
ac_cv_env_host_alias_set=
ac_cv_env_host_alias_value=
ac_cv_env_target_alias_set=
ac_cv_env_target_alias_value=
ac_cv_func_getgroups=yes
ac_cv_func_getgroups_works=yes
ac_cv_header_inttypes_h=yes
ac_cv_header_memory_h=yes
ac_cv_header_stdc=yes
ac_cv_header_stdint_h=yes
ac_cv_header_stdlib_h=yes
ac_cv_header_string_h=yes
ac_cv_header_strings_h=yes
ac_cv_header_sys_stat_h=yes
ac_cv_header_sys_types_h=yes
ac_cv_header_unistd_h=yes
ac_cv_host=x86_64-unknown-linux-gnu
ac_cv_objext=o
ac_cv_path_ANT=/usr/bin/ant
ac_cv_path_AR=/usr/bin/ar
ac_cv_path_BASH=/bin/bash
ac_cv_path_EGREP='/bin/grep -E'
ac_cv_path_GREP=/bin/grep
ac_cv_path_PERL=/usr/bin/perl
ac_cv_path_PYTHON=/usr/bin/python
ac_cv_path_install='/usr/bin/install -c'
ac_cv_path_mkdir=/bin/mkdir
ac_cv_prog_AWK=mawk
ac_cv_prog_CPP='gcc -E'
ac_cv_prog_ac_ct_CC=gcc
ac_cv_prog_ac_ct_CXX=g++
ac_cv_prog_ac_ct_RANLIB=ranlib
ac_cv_prog_cc_c89=
ac_cv_prog_cc_g=yes
ac_cv_prog_cxx_g=yes
ac_cv_prog_make_make_set=yes
ac_cv_target=x86_64-unknown-linux-gnu
ac_cv_type_getgroups=gid_t
ac_cv_type_size_t=yes
ac_cv_type_uid_t=yes
am_cv_CC_dependencies_compiler_type=gcc3
am_cv_CXX_dependencies_compiler_type=gcc3

## ----------------- ##
## Output variables. ##
## ----------------- ##

ACLOCAL='${SHELL} /x1/jenkins/jenkins-slave/workspace/Hadoop-22-Build/common/hdfs/src/contrib/fuse-dfs/missing --run aclocal-1.11'
AMDEPBACKSLASH='\'
AMDEP_FALSE='#'
AMDEP_TRUE=''
AMTAR='${SHELL} /x1/jenkins/jenkins-slave/workspace/Hadoop-22-Build/common/hdfs/src/contrib/fuse-dfs/missing --run tar'
ANT='/usr/bin/ant'
AR='/usr/bin/ar'
AUTOCONF='${SHELL} /x1/jenkins/jenkins-slave/workspace/Hadoop-22-Build/common/hdfs/src/contrib/fuse-dfs/missing --run autoconf'
AUTOHEADER='${SHELL} /x1/jenkins/jenkins-slave/workspace/Hadoop-22-Build/common/hdfs/src/contrib/fuse-dfs/missing --run autoheader'
AUTOMAKE='${SHELL} /x1/jenkins/jenkins-slave/workspace/Hadoop-22-Build/common/hdfs/src/contrib/fuse-dfs/missing --run automake-1.11'
AWK='mawk'
BASH='/bin/bash'
CC='gcc'
CCDEPMODE='depmode=gcc3'
CFLAGS='-Wall -O3'
CPP='gcc -E'
CPPFLAGS=''
CXX='g++'
CXXDEPMODE='depmode=gcc3'
CXXFLAGS='-Wall -O3'
CYGPATH_W='echo'
DEBUG_FALSE=''
DEBUG_TRUE='#'
DEFS='-DPACKAGE_NAME=\"fuse_dfs\" -DPACKAGE_TARNAME=\"fuse_dfs\" -DPACKAGE_VERSION=\"0.1.0\" -DPACKAGE_STRING=\"fuse_dfs\ 0.1.0\" -DPACKAGE_BUGREPORT=\"\" -DPACKAGE_URL=\"\" -DSTDC_HEADERS=1 -DHAVE_SYS_TYPES_H=1 -DHAVE_SYS_STAT_H=1 -DHAVE_STDLIB_H=1 -DHAVE_STRING_H=1 -DHAVE_MEMORY_H=1 -DHAVE_STRINGS_H=1 -DHAVE_INTTYPES_H=1 -DHAVE_STDINT_H=1 -DHAVE_UNISTD_H=1 -DGETGROUPS_T=gid_t -DHAVE_GETGROUPS=1 -DGETGROUPS_T=gid_t'
DEPDIR='.deps'
ECHO_C=''
ECHO_N='-n'
ECHO_T=''
EGREP='/bin/grep -E'
EXEEXT=''
EXTERNAL_PATH='/x1/jenkins/jenkins-slave/workspace/Hadoop-22-Build/common/hdfs/src/contrib/fuse-dfs'
GLOBAL_FOOTER_MK='include /x1/jenkins/jenkins-slave/workspace/Hadoop-22-Build/common/hdfs/src/contrib/fuse-dfs/global_footer.mk'
GLOBAL_HEADER_MK='include /x1/jenkins/jenkins-slave/workspace/Hadoop-22-Build/common/hdfs/src/contrib/fuse-dfs/global_header.mk'
GREP='/bin/grep'
INSTALL_DATA='${INSTALL} -m 644'
INSTALL_PROGRAM='${INSTALL}'
INSTALL_SCRIPT='${INSTALL}'
INSTALL_STRIP_PROGRAM='$(install_sh) -c -s'
LDFLAGS=''
LIBOBJS=''
LIBS=''
LTLIBOBJS=''
LTYPE='.a'
MAKEINFO='${SHELL} /x1/jenkins/jenkins-slave/workspace/Hadoop-22-Build/common/hdfs/src/contrib/fuse-dfs/missing --run makeinfo'
MKDIR_P='/bin/mkdir -p'
OBJEXT='o'
OPT_FALSE='#'
OPT_TRUE=''
PACKAGE='fuse_dfs'
PACKAGE_BUGREPORT=''
PACKAGE_NAME='fuse_dfs'
PACKAGE_STRING='fuse_dfs 0.1.0'
PACKAGE_TARNAME='fuse_dfs'
PACKAGE_URL=''
PACKAGE_VERSION='0.1.0'
PATH_SEPARATOR=':'
PERL='/usr/bin/perl'
PRODUCT_MK=''
PYTHON='/usr/bin/python'
RANLIB='ranlib'
SET_MAKE=''
SHARED_CFLAGS=''
SHARED_CXXFLAGS=''
SHARED_FALSE=''
SHARED_LDFLAGS=''
SHARED_TRUE='#'
SHELL='/bin/bash'
STATIC_FALSE='#'
STATIC_TRUE=''
STRIP=''
VERSION='0.1.0'
ac_ct_CC='gcc'
ac_ct_CXX='g++'
am__EXEEXT_FALSE=''
am__EXEEXT_TRUE='#'
am__fastdepCC_FALSE='#'
am__fastdepCC_TRUE=''
am__fastdepCXX_FALSE='#'
am__fastdepCXX_TRUE=''
am__include='include'
am__isrc=''
am__leading_dot='.'
am__quote=''
am__tar='${AMTAR} chof - "$$tardir"'
am__untar='${AMTAR} xf -'
bindir='${exec_prefix}/bin'
build='x86_64-unknown-linux-gnu'
build_alias=''
build_cpu='x86_64'
build_os='linux-gnu'
build_vendor='unknown'
datadir='${datarootdir}'
datarootdir='${prefix}/share'
docdir='${datarootdir}/doc/${PACKAGE_TARNAME}'
dvidir='${docdir}'
exec_prefix='${prefix}'
host='x86_64-unknown-linux-gnu'
host_alias=''
host_cpu='x86_64'
host_os='linux-gnu'
host_vendor='unknown'
htmldir='${docdir}'
includedir='${prefix}/include'
infodir='${datarootdir}/info'
install_sh='${SHELL} /x1/jenkins/jenkins-slave/workspace/Hadoop-22-Build/common/hdfs/src/contrib/fuse-dfs/install-sh'
libdir='${exec_prefix}/lib'
libexecdir='${exec_prefix}/libexec'
localedir='${datarootdir}/locale'
localstatedir='${prefix}/var'
mandir='${datarootdir}/man'
mkdir_p='/bin/mkdir -p'
oldincludedir='/usr/include'
pdfdir='${docdir}'
prefix='/x1/jenkins/jenkins-slave/workspace/Hadoop-22-Build/common/hdfs/src/contrib/fuse-dfs'
program_transform_name='s,x,x,'
psdir='${docdir}'
sbindir='${exec_prefix}/sbin'
sharedstatedir='${prefix}/com'
sysconfdir='${prefix}/etc'
target='x86_64-unknown-linux-gnu'
target_alias=''
target_cpu='x86_64'
target_os='linux-gnu'
target_vendor='unknown'

## ----------- ##
## confdefs.h. ##
## ----------- ##

/* confdefs.h */
#define PACKAGE_NAME "fuse_dfs"
#define PACKAGE_TARNAME "fuse_dfs"
#define PACKAGE_VERSION "0.1.0"
#define PACKAGE_STRING "fuse_dfs 0.1.0"
#define PACKAGE_BUGREPORT ""
#define PACKAGE_URL ""
#define STDC_HEADERS 1
#define HAVE_SYS_TYPES_H 1
#define HAVE_SYS_STAT_H 1
#define HAVE_STDLIB_H 1
#define HAVE_STRING_H 1
#define HAVE_MEMORY_H 1
#define HAVE_STRINGS_H 1
#define HAVE_INTTYPES_H 1
#define HAVE_STDINT_H 1
#define HAVE_UNISTD_H 1
#define GETGROUPS_T gid_t
#define HAVE_GETGROUPS 1
#define GETGROUPS_T gid_t

configure: exit 0
